
**** Build of configuration Nios II for project Fractal_cpu3 ****

make all 
Info: Building ../Fractal_cpu3_bsp/
make --no-print-directory -C ../Fractal_cpu3_bsp/
[BSP build complete]
Info: Compiling Fractal.c to obj/default/Fractal.o
nios2-elf-gcc -xc -MP -MMD -c -I../Fractal_cpu3_bsp//HAL/inc -I../Fractal_cpu3_bsp/ -I../Fractal_cpu3_bsp//drivers/inc  -DSYSTEM_BUS_WIDTH=32 -pipe -D__hal__ -DALT_NO_INSTRUCTION_EMULATION -DALT_SINGLE_THREADED    -O3 -g -Wall   -EL -mhw-div -mcustom-fpu-cfg=60-1 -mhw-mul -mno-hw-mulx  -o obj/default/Fractal.o Fractal.c
Fractal.c: In function 'mandelbrot':
Fractal.c:67: warning: implicit declaration of function 'printf'
Fractal.c:67: warning: incompatible implicit declaration of built-in function 'printf'
Fractal.c: In function 'barrier':
Fractal.c:145: warning: implicit declaration of function 'sprintf'
Fractal.c:145: warning: incompatible implicit declaration of built-in function 'sprintf'
Info: Linking Fractal_cpu3.elf
nios2-elf-g++  -T'../Fractal_cpu3_bsp//linker.x' -msys-crt0='../Fractal_cpu3_bsp//obj/HAL/src/crt0.o' -msys-lib=hal_bsp -L../Fractal_cpu3_bsp/  -mcustom-fpu-cfg=60-1  -Wl,-Map=Fractal_cpu3.map   -O3 -g -Wall   -EL -mhw-div -mcustom-fpu-cfg=60-1 -mhw-mul -mno-hw-mulx  -o Fractal_cpu3.elf obj/default/Fractal.o obj/default/Project.o -lm 
nios2-elf-insert Fractal_cpu3.elf --thread_model hal --cpu_name cpu_3 --simulation_enabled false --id 0 --sidp 0x19030c0 --timestamp 1397075237 --stderr_dev jtag_uart_3 --stdin_dev jtag_uart_3 --stdout_dev jtag_uart_3 --sopc_system_name nios_system --quartus_project_dir "/acct/s1/mccartjj/CSCE313/lights" --jdi /acct/s1/mccartjj/CSCE313/lights/software/Fractal_cpu3_bsp/../../lights.jdi --sopcinfo /acct/s1/mccartjj/CSCE313/lights/software/Fractal_cpu3_bsp/../../nios_system.sopcinfo
perl: warning: Setting locale failed.
perl: warning: Please check that your locale settings:
	LANGUAGE = (unset),
	LC_ALL = (unset),
	LC_CTYPE = "en_US",
	LANG = "C"
    are supported and installed on your system.
perl: warning: Falling back to the standard locale ("C").
Info: (Fractal_cpu3.elf) 75 KBytes program size (code + initialized data).
Info:                    1965 KBytes free for stack + heap.
Info: Creating Fractal_cpu3.objdump
nios2-elf-objdump --disassemble --syms --all-header --source Fractal_cpu3.elf >Fractal_cpu3.objdump
[Fractal_cpu3 build complete]
