
**** Build of configuration Nios II for project Fractal_cpu1 ****

make all 
Info: Building ../Fractal_cpu1_bsp/
make --no-print-directory -C ../Fractal_cpu1_bsp/
[BSP build complete]
Info: Compiling Project.c to obj/default/Project.o
nios2-elf-gcc -xc -MP -MMD -c -I../Fractal_cpu1_bsp//HAL/inc -I../Fractal_cpu1_bsp/ -I../Fractal_cpu1_bsp//drivers/inc  -DSYSTEM_BUS_WIDTH=32 -pipe -D__hal__ -DALT_NO_INSTRUCTION_EMULATION -DALT_SINGLE_THREADED    -O3 -g -Wall   -EL -mhw-div -mcustom-fpu-cfg=60-1 -mhw-mul -mno-hw-mulx  -o obj/default/Project.o Project.c
Info: Linking Fractal_cpu1.elf
nios2-elf-g++  -T'../Fractal_cpu1_bsp//linker.x' -msys-crt0='../Fractal_cpu1_bsp//obj/HAL/src/crt0.o' -msys-lib=hal_bsp -L../Fractal_cpu1_bsp/  -mcustom-fpu-cfg=60-1  -Wl,-Map=Fractal_cpu1.map   -O3 -g -Wall   -EL -mhw-div -mcustom-fpu-cfg=60-1 -mhw-mul -mno-hw-mulx  -o Fractal_cpu1.elf obj/default/Fractal.o obj/default/Project.o -lm 
nios2-elf-insert Fractal_cpu1.elf --thread_model hal --cpu_name cpu_1 --simulation_enabled false --id 0 --sidp 0x19030c0 --timestamp 1398290119 --stderr_dev jtag_uart_1 --stdin_dev jtag_uart_1 --stdout_dev jtag_uart_1 --sopc_system_name nios_system --quartus_project_dir "/acct/s1/mccartjj/CSCE313/lights" --jdi /acct/s1/mccartjj/CSCE313/lights/software/Fractal_cpu1_bsp/../../lights.jdi --sopcinfo /acct/s1/mccartjj/CSCE313/lights/software/Fractal_cpu1_bsp/../../nios_system.sopcinfo
perl: warning: Setting locale failed.
perl: warning: Please check that your locale settings:
	LANGUAGE = (unset),
	LC_ALL = (unset),
	LC_CTYPE = "en_US",
	LANG = "C"
    are supported and installed on your system.
perl: warning: Falling back to the standard locale ("C").
Info: (Fractal_cpu1.elf) 76 KBytes program size (code + initialized data).
Info:                    1644 KBytes free for stack + heap.
Info: Creating Fractal_cpu1.objdump
nios2-elf-objdump --disassemble --syms --all-header --source Fractal_cpu1.elf >Fractal_cpu1.objdump
[Fractal_cpu1 build complete]
