
**** Build of configuration Nios II for project Lab4 ****

make all 
Info: Building ../Lab4_bsp/
make --no-print-directory -C ../Lab4_bsp/
[BSP build complete]
Info: Compiling VideoFunctions.c to obj/default/VideoFunctions.o
nios2-elf-gcc -xc -MP -MMD -c -I../Lab4_bsp//HAL/inc -I../Lab4_bsp/ -I../Lab4_bsp//drivers/inc  -DSYSTEM_BUS_WIDTH=32 -pipe -D__hal__ -DALT_NO_INSTRUCTION_EMULATION -DALT_SINGLE_THREADED -DRO_ZIPFS    -O -g -Wall   -EL -mhw-div -mcustom-fpu-cfg=60-1 -mhw-mul -mno-hw-mulx  -o obj/default/VideoFunctions.o VideoFunctions.c
Info: Linking Lab4.elf
nios2-elf-g++  -T'../Lab4_bsp//linker.x' -msys-crt0='../Lab4_bsp//obj/HAL/src/crt0.o' -msys-lib=hal_bsp -L../Lab4_bsp/  -mcustom-fpu-cfg=60-1  -Wl,-Map=Lab4.map   -O -g -Wall   -EL -mhw-div -mcustom-fpu-cfg=60-1 -mhw-mul -mno-hw-mulx  -o Lab4.elf obj/default/LightsFunctions.o obj/default/Project.o obj/default/VideoFunctions.o -lm 
nios2-elf-insert Lab4.elf --thread_model hal --cpu_name cpu_1 --simulation_enabled false --id 0 --sidp 0x19030c0 --timestamp 1395695788 --stderr_dev jtag_uart_1 --stdin_dev jtag_uart_1 --stdout_dev jtag_uart_1 --sopc_system_name nios_system --quartus_project_dir "/acct/s1/mccartjj/CSCE313/lights" --jdi /acct/s1/mccartjj/CSCE313/lights/software/Lab4_bsp/../../lights.jdi --sopcinfo /acct/s1/mccartjj/CSCE313/lights/software/Lab4_bsp/../../nios_system.sopcinfo
perl: warning: Setting locale failed.
perl: warning: Please check that your locale settings:
	LANGUAGE = (unset),
	LC_ALL = (unset),
	LC_CTYPE = "en_US",
	LANG = "C"
    are supported and installed on your system.
perl: warning: Falling back to the standard locale ("C").
Info: (Lab4.elf) 109 KBytes program size (code + initialized data).
Info:            3978 KBytes free for stack + heap.
Info: Creating Lab4.objdump
nios2-elf-objdump --disassemble --syms --all-header --source Lab4.elf >Lab4.objdump
[Lab4 build complete]
