
**** Build of configuration Nios II for project lights ****

make all 
Info: Building ../lights_bsp/
make --no-print-directory -C ../lights_bsp/
[BSP build complete]
Info: Compiling Project.c to obj/default/Project.o
nios2-elf-gcc -xc -MP -MMD -c -I../lights_bsp//HAL/inc -I../lights_bsp/ -I../lights_bsp//drivers/inc  -DSYSTEM_BUS_WIDTH=32 -pipe -D__hal__ -DALT_NO_INSTRUCTION_EMULATION -DALT_SINGLE_THREADED -DRO_ZIPFS    -O3 -g -Wall   -EL -mhw-div -mcustom-fpu-cfg=60-1 -mhw-mul -mno-hw-mulx  -o obj/default/Project.o Project.c
Project.c: In function 'main':
Info: Compiling VideoFunctions.c to obj/default/VideoFunctions.o
Project.c:66: warning: implicit declaration of function 'clearCharBuffer'
Project.c:67: warning: implicit declaration of function 'printLineToScreen'
Project.c:32: warning: unused variable 'current_direction'
nios2-elf-gcc -xc -MP -MMD -c -I../lights_bsp//HAL/inc -I../lights_bsp/ -I../lights_bsp//drivers/inc  -DSYSTEM_BUS_WIDTH=32 -pipe -D__hal__ -DALT_NO_INSTRUCTION_EMULATION -DALT_SINGLE_THREADED -DRO_ZIPFS    -O3 -g -Wall   -EL -mhw-div -mcustom-fpu-cfg=60-1 -mhw-mul -mno-hw-mulx  -o obj/default/VideoFunctions.o VideoFunctions.c
Project.c:30: warning: unused variable 'current_value'
VideoFunctions.c: In function 'constantRotationFP':
VideoFunctions.c:263: warning: unused variable 'cpuid'
Info: Linking lights.elf
nios2-elf-g++  -T'../lights_bsp//linker.x' -msys-crt0='../lights_bsp//obj/HAL/src/crt0.o' -msys-lib=hal_bsp -L../lights_bsp/  -mcustom-fpu-cfg=60-1  -Wl,-Map=lights.map   -O3 -g -Wall   -EL -mhw-div -mcustom-fpu-cfg=60-1 -mhw-mul -mno-hw-mulx  -o lights.elf obj/default/LightsFunctions.o obj/default/Project.o obj/default/VideoFunctions.o -lm 
nios2-elf-insert lights.elf --thread_model hal --cpu_name cpu_0 --simulation_enabled false --id 0 --sidp 0x19030c0 --timestamp 1395695788 --stderr_dev lcd_0 --stdin_dev jtag_uart_0 --stdout_dev jtag_uart_0 --sopc_system_name nios_system --quartus_project_dir "/acct/s1/mccartjj/CSCE313/lights" --jdi /acct/s1/mccartjj/CSCE313/lights/software/lights_bsp/../../lights.jdi --sopcinfo /acct/s1/mccartjj/CSCE313/lights/software/lights_bsp/../../nios_system.sopcinfo
Info: (lights.elf) 110 KBytes program size (code + initialized data).
Info:              3977 KBytes free for stack + heap.
Info: Creating lights.objdump
nios2-elf-objdump --disassemble --syms --all-header --source lights.elf >lights.objdump
[lights build complete]
